TN:
SF:script/DeployAaveV3Provider.s.sol
DA:24,0
FN:24,DeployAaveV3ProviderScript.run
FNDA:0,DeployAaveV3ProviderScript.run
DA:25,0
DA:27,0
DA:28,0
DA:29,0
DA:31,0
DA:32,0
DA:33,0
DA:40,0
FN:40,DeployAaveV3ProviderScript.loadEnvVars
FNDA:0,DeployAaveV3ProviderScript.loadEnvVars
DA:41,0
DA:42,0
FNF:2
FNH:0
LF:11
LH:0
BRF:0
BRH:0
end_of_record
TN:
SF:script/EnvLoader.s.sol
DA:18,0
FN:18,EnvLoader.getEnvPrivateKey
FNDA:0,EnvLoader.getEnvPrivateKey
DA:19,0
BRDA:19,0,0,-
DA:20,0
BRDA:20,1,0,-
BRDA:20,1,1,-
DA:21,0
DA:22,0
BRDA:22,0,1,-
DA:23,0
DA:30,0
FN:30,EnvLoader.getEnvAddress
FNDA:0,EnvLoader.getEnvAddress
DA:31,0
BRDA:31,2,0,-
DA:32,0
BRDA:32,3,0,-
BRDA:32,3,1,-
DA:33,0
DA:34,0
BRDA:34,2,1,-
DA:35,0
DA:42,0
FN:42,EnvLoader.getEnvString
FNDA:0,EnvLoader.getEnvString
DA:43,0
BRDA:43,4,0,-
DA:44,0
BRDA:44,5,0,-
BRDA:44,5,1,-
DA:45,0
DA:46,0
BRDA:46,4,1,-
DA:47,0
FNF:3
FNH:0
LF:18
LH:0
BRF:12
BRH:0
end_of_record
TN:
SF:src/AaveV3Provider.sol
DA:79,67
FN:79,AaveV3Provider.constructor
FNDA:67,AaveV3Provider.constructor
DA:80,67
BRDA:80,0,0,-
DA:81,67
DA:83,67
DA:85,67
DA:86,67
DA:87,67
DA:89,67
DA:93,4
FN:93,AaveV3Provider.onlyAdmin
FNDA:4,AaveV3Provider.onlyAdmin
DA:94,4
BRDA:94,1,0,1
DA:99,3
FN:99,AaveV3Provider.onlyPauser
FNDA:3,AaveV3Provider.onlyPauser
DA:100,3
BRDA:100,2,0,1
DA:108,7
FN:108,AaveV3Provider.pause
FNDA:7,AaveV3Provider.pause
DA:109,6
DA:116,3
FN:116,AaveV3Provider.unpause
FNDA:3,AaveV3Provider.unpause
DA:117,2
DA:125,4
FN:125,AaveV3Provider.grantPauserRole
FNDA:4,AaveV3Provider.grantPauserRole
DA:126,3
BRDA:126,3,0,1
DA:127,2
DA:135,3
FN:135,AaveV3Provider.revokePauserRole
FNDA:3,AaveV3Provider.revokePauserRole
DA:136,2
BRDA:136,4,0,1
DA:137,1
DA:150,101
FN:150,AaveV3Provider.setAssetSupported
FNDA:101,AaveV3Provider.setAssetSupported
DA:151,100
BRDA:151,5,0,1
DA:152,99
DA:153,99
DA:163,45
FN:163,AaveV3Provider.deposit
FNDA:45,AaveV3Provider.deposit
DA:164,44
BRDA:164,6,0,1
DA:165,43
BRDA:165,7,0,1
DA:167,42
DA:168,41
DA:171,41
DA:172,41
DA:173,41
DA:174,41
DA:175,41
DA:177,41
DA:178,41
DA:179,41
DA:181,41
DA:192,14
FN:192,AaveV3Provider.withdraw
FNDA:14,AaveV3Provider.withdraw
DA:193,17
BRDA:193,8,0,2
DA:194,15
BRDA:194,9,0,2
DA:196,13
DA:197,13
BRDA:197,10,0,2
DA:199,11
DA:200,11
BRDA:200,11,0,2
DA:202,9
DA:203,9
DA:206,9
DA:208,9
DA:209,9
BRDA:209,12,0,-
DA:211,9
DA:212,9
DA:214,9
DA:223,4
FN:223,AaveV3Provider.withdrawAll
FNDA:4,AaveV3Provider.withdrawAll
DA:224,4
DA:225,4
DA:236,28
FN:236,AaveV3Provider.borrow
FNDA:28,AaveV3Provider.borrow
DA:237,26
BRDA:237,13,0,2
DA:238,24
BRDA:238,14,0,2
DA:240,22
DA:242,19
DA:243,17
DA:245,17
DA:246,17
DA:248,17
DA:249,17
DA:250,17
DA:252,17
DA:264,11
FN:264,AaveV3Provider.repay
FNDA:11,AaveV3Provider.repay
DA:265,12
BRDA:265,15,0,1
DA:266,11
BRDA:266,16,0,1
DA:268,10
DA:269,10
BRDA:269,17,0,1
DA:272,9
DA:273,9
BRDA:273,18,0,1
DA:276,8
DA:279,8
DA:280,8
DA:283,8
DA:284,8
DA:285,8
DA:288,8
BRDA:288,19,0,-
DA:289,0
DA:293,8
DA:294,8
BRDA:294,20,0,-
DA:296,8
DA:297,8
DA:299,8
DA:308,2
FN:308,AaveV3Provider.repayAll
FNDA:2,AaveV3Provider.repayAll
DA:309,2
DA:310,2
DA:325,24
FN:325,AaveV3Provider.getUserSupplyBalance
FNDA:24,AaveV3Provider.getUserSupplyBalance
DA:326,39
DA:327,39
DA:329,36
DA:330,36
DA:332,36
DA:333,36
DA:337,36
DA:348,18
FN:348,AaveV3Provider.getUserBorrowBalance
FNDA:18,AaveV3Provider.getUserBorrowBalance
DA:349,29
DA:350,29
DA:352,28
DA:353,28
DA:355,28
DA:356,28
DA:360,28
DA:373,87
FN:373,AaveV3Provider._getAToken
FNDA:87,AaveV3Provider._getAToken
DA:374,87
DA:375,87
BRDA:375,25,0,1
DA:376,86
DA:385,55
FN:385,AaveV3Provider._getDebtToken
FNDA:55,AaveV3Provider._getDebtToken
DA:386,55
DA:387,55
BRDA:387,26,0,2
DA:388,53
DA:398,49
FN:398,AaveV3Provider._approveExact
FNDA:49,AaveV3Provider._approveExact
DA:399,49
DA:400,49
BRDA:400,27,0,49
DA:401,49
BRDA:401,28,0,1
DA:402,1
DA:404,49
DA:414,49
FN:414,AaveV3Provider._clearApproval
FNDA:49,AaveV3Provider._clearApproval
DA:415,49
DA:416,49
BRDA:416,29,0,-
DA:417,0
DA:431,22
FN:431,AaveV3Provider._precheckContractBorrow
FNDA:22,AaveV3Provider._precheckContractBorrow
DA:432,22
DA:439,22
DA:441,22
BRDA:441,30,0,1
DA:443,21
DA:444,21
DA:445,21
DA:446,21
DA:449,21
BRDA:449,31,0,2
DA:452,19
DA:453,19
DA:454,19
BRDA:454,32,0,-
FNF:21
FNH:21
LF:139
LH:137
BRF:29
BRH:23
end_of_record
TN:
SF:src/mocks/MockAToken.sol
DA:17,53
FN:17,MockAToken.setScaledBalance
FNDA:53,MockAToken.setScaledBalance
DA:18,53
DA:22,38
FN:22,MockAToken.setScaledBalanceFor
FNDA:38,MockAToken.setScaledBalanceFor
DA:23,38
DA:27,6
FN:27,MockAToken.setLiquidityIndex
FNDA:6,MockAToken.setLiquidityIndex
DA:28,6
DA:33,15
FN:33,MockAToken.balanceOf
FNDA:15,MockAToken.balanceOf
DA:34,15
DA:38,96
FN:38,MockAToken.scaledBalanceOf
FNDA:96,MockAToken.scaledBalanceOf
DA:39,96
DA:43,0
FN:43,MockAToken.getCurrentScaledBalance
FNDA:0,MockAToken.getCurrentScaledBalance
DA:44,0
FNF:6
FNH:5
LF:12
LH:10
BRF:0
BRH:0
end_of_record
TN:
SF:src/mocks/MockAddressesProvider.sol
DA:14,53
FN:14,MockAddressesProvider.constructor
FNDA:53,MockAddressesProvider.constructor
DA:15,53
DA:21,16
FN:21,MockAddressesProvider.getPriceOracle
FNDA:16,MockAddressesProvider.getPriceOracle
DA:22,16
FNF:2
FNH:2
LF:4
LH:4
BRF:0
BRH:0
end_of_record
TN:
SF:src/mocks/MockERC20.sol
DA:12,165
FN:12,MockERC20.constructor
FNDA:165,MockERC20.constructor
DA:13,165
DA:18,16
FN:18,MockERC20.decimals
FNDA:16,MockERC20.decimals
DA:19,16
DA:25,113
FN:25,MockERC20.mint
FNDA:113,MockERC20.mint
DA:26,113
DA:33,0
FN:33,MockERC20.safeTransfer
FNDA:0,MockERC20.safeTransfer
DA:34,0
DA:42,0
FN:42,MockERC20.safeTransferFrom
FNDA:0,MockERC20.safeTransferFrom
DA:43,0
DA:50,0
FN:50,MockERC20.safeApprove
FNDA:0,MockERC20.safeApprove
DA:51,0
FNF:6
FNH:3
LF:12
LH:6
BRF:0
BRH:0
end_of_record
TN:
SF:src/mocks/MockPool.sol
DA:28,53
FN:28,MockPool.constructor
FNDA:53,MockPool.constructor
DA:30,53
DA:35,16
FN:35,MockPool.ADDRESSES_PROVIDER
FNDA:16,MockPool.ADDRESSES_PROVIDER
DA:36,16
DA:43,55
FN:43,MockPool.setReserveData
FNDA:55,MockPool.setReserveData
DA:44,55
DA:45,55
DA:49,0
FN:49,MockPool.setTokenBalance
FNDA:0,MockPool.setTokenBalance
DA:54,1
FN:54,MockPool.setAToken
FNDA:1,MockPool.setAToken
DA:55,1
DA:59,2
FN:59,MockPool.setVariableDebtToken
FNDA:2,MockPool.setVariableDebtToken
DA:60,2
DA:64,0
FN:64,MockPool.getAToken
FNDA:0,MockPool.getAToken
DA:65,0
DA:69,0
FN:69,MockPool.getVariableDebtToken
FNDA:0,MockPool.getVariableDebtToken
DA:70,0
DA:76,78
FN:76,MockPool.getReserveData
FNDA:78,MockPool.getReserveData
DA:77,78
DA:102,29
FN:102,MockPool.supply
FNDA:29,MockPool.supply
DA:103,29
DA:104,29
BRDA:104,0,0,-
BRDA:104,0,1,29
DA:106,29
DA:107,29
BRDA:107,1,0,29
DA:108,29
DA:109,29
DA:118,3
FN:118,MockPool.withdraw
FNDA:3,MockPool.withdraw
DA:119,3
DA:120,3
BRDA:120,2,0,-
BRDA:120,2,1,3
DA:122,3
DA:123,3
BRDA:123,3,0,3
DA:124,3
DA:125,3
DA:127,3
DA:128,3
BRDA:128,4,0,-
DA:129,3
DA:131,3
DA:140,13
FN:140,MockPool.borrow
FNDA:13,MockPool.borrow
DA:143,13
DA:144,13
BRDA:144,5,0,-
BRDA:144,5,1,13
DA:146,13
DA:147,13
BRDA:147,6,0,13
DA:148,13
DA:149,13
DA:159,4
FN:159,MockPool.repay
FNDA:4,MockPool.repay
DA:163,4
DA:164,4
BRDA:164,7,0,-
BRDA:164,7,1,4
DA:166,4
DA:167,4
BRDA:167,8,0,4
DA:168,4
DA:169,4
DA:170,4
DA:172,4
DA:182,17
FN:182,MockPool.getUserAccountData
FNDA:17,MockPool.getUserAccountData
DA:195,17
DA:199,0
FN:199,MockPool.getReserveNormalizedIncome
FNDA:0,MockPool.getReserveNormalizedIncome
DA:200,0
DA:204,0
FN:204,MockPool.getReserveNormalizedVariableDebt
FNDA:0,MockPool.getReserveNormalizedVariableDebt
DA:205,0
DA:209,16
FN:209,MockPool.getAssetPrice
FNDA:16,MockPool.getAssetPrice
DA:212,16
DA:216,2
FN:216,MockPool.setHealthFactor
FNDA:2,MockPool.setHealthFactor
DA:217,2
DA:221,2
FN:221,MockPool.setAvailableBorrows
FNDA:2,MockPool.setAvailableBorrows
DA:222,2
DA:226,0
FN:226,MockPool.setPostBorrowHealthFactor
FNDA:0,MockPool.setPostBorrowHealthFactor
DA:227,0
FNF:20
FNH:14
LF:66
LH:55
BRF:13
BRH:8
end_of_record
TN:
SF:src/mocks/MockVariableDebtToken.sol
DA:19,0
FN:19,MockVariableDebtToken.setScaledBalance
FNDA:0,MockVariableDebtToken.setScaledBalance
DA:20,0
DA:26,24
FN:26,MockVariableDebtToken.setScaledBalanceFor
FNDA:24,MockVariableDebtToken.setScaledBalanceFor
DA:27,24
DA:32,0
FN:32,MockVariableDebtToken.setVariableBorrowIndex
FNDA:0,MockVariableDebtToken.setVariableBorrowIndex
DA:33,0
DA:38,5
FN:38,MockVariableDebtToken.setDebtIndex
FNDA:5,MockVariableDebtToken.setDebtIndex
DA:39,5
DA:44,14
FN:44,MockVariableDebtToken.balanceOf
FNDA:14,MockVariableDebtToken.balanceOf
DA:45,14
DA:51,52
FN:51,MockVariableDebtToken.scaledBalanceOf
FNDA:52,MockVariableDebtToken.scaledBalanceOf
DA:52,52
FNF:6
FNH:4
LF:12
LH:8
BRF:0
BRH:0
end_of_record
